<?xml version="1.0" encoding="UTF-8"?>
<!-- Generated by org.testng.reporters.JUnitReportReporter -->
<testsuite hostname="DESKTOP-77MDJU5" failures="0" tests="3" name="HomePage.HomePageTestCases" time="6.150" errors="0" timestamp="2024-03-30T01:52:49 EET" skipped="0">
  <testcase classname="HomePage.HomePageTestCases" name="CheckTheDefultContactNum" time="2.078"/>
  <system-out/>
  <testcase classname="HomePage.HomePageTestCases" name="CheckTheDefaultLangaugeEN" time="2.047"/>
  <system-out/>
  <testcase classname="HomePage.HomePageTestCases" name="CheckTheDefultCurrency" time="2.025"/>
  <system-out/>
</testsuite> <!-- HomePage.HomePageTestCases -->
