<?xml version="1.0" encoding="UTF-8"?>
<!-- Generated by org.testng.reporters.JUnitReportReporter -->
<testsuite hostname="DESKTOP-77MDJU5" failures="0" tests="3" name="HotelSearchTest.BookingHotelTestCases" time="15.587" errors="0" timestamp="2024-04-15T04:57:25 EET" skipped="0">
  <testcase classname="HotelSearchTest.BookingHotelTestCases" name="RandomlySelectHotelInRandomCity" time="7.517"/>
  <system-out/>
  <testcase classname="HotelSearchTest.BookingHotelTestCases" name="RandomlySeIectNumberOfVistor" time="2.117"/>
  <system-out/>
  <testcase classname="HotelSearchTest.BookingHotelTestCases" name="ClickOnSearchHotelsButton" time="5.953"/>
  <system-out/>
</testsuite> <!-- HotelSearchTest.BookingHotelTestCases -->
