<?xml version="1.0" encoding="UTF-8"?>
<!-- Generated by org.testng.reporters.JUnitReportReporter -->
<testsuite hostname="DESKTOP-77MDJU5" failures="0" tests="11" name="HomePage.HomePageTestCases" time="27.303" errors="0" timestamp="2024-04-14T23:49:39 EET" skipped="0">
  <testcase classname="HomePage.HomePageTestCases" name="CheckTheDefaultLangaugeEN" time="2.053"/>
  <system-out/>
  <testcase classname="HomePage.HomePageTestCases" name="CheckTheDefultCurrency" time="2.041"/>
  <system-out/>
  <testcase classname="HomePage.HomePageTestCases" name="CheckTheDefultContactNum" time="2.062"/>
  <system-out/>
  <testcase classname="HomePage.HomePageTestCases" name="CheckQitafLogoIsDisplayed" time="2.052"/>
  <system-out/>
  <testcase classname="HomePage.HomePageTestCases" name="CheckHotelTapIsNotSelected" time="2.046"/>
  <system-out/>
  <testcase classname="HomePage.HomePageTestCases" name="checkDepatureAndReturnDate" time="2.079"/>
  <system-out/>
  <testcase classname="HomePage.HomePageTestCases" name="ChangeLangaugeRandomly" time="3.117"/>
  <system-out/>
  <testcase classname="HomePage.HomePageTestCases" name="ChangeLangaugeRandomly" time="2.809"/>
  <system-out/>
  <testcase classname="HomePage.HomePageTestCases" name="ChangeLangaugeRandomly" time="3.285"/>
  <system-out/>
  <testcase classname="HomePage.HomePageTestCases" name="ChangeLangaugeRandomly" time="2.831"/>
  <system-out/>
  <testcase classname="HomePage.HomePageTestCases" name="ChangeLangaugeRandomly" time="2.928"/>
  <system-out/>
</testsuite> <!-- HomePage.HomePageTestCases -->
