<?xml version="1.0" encoding="UTF-8"?>
<!-- Generated by org.testng.reporters.JUnitReportReporter -->
<testsuite hostname="DESKTOP-77MDJU5" failures="0" tests="6" name="HomePage.HomePageTestCases" time="10.427" errors="0" timestamp="2024-04-07T21:25:04 EET" skipped="0">
  <testcase classname="HomePage.HomePageTestCases" name="CheckTheDefaultLangaugeEN" time="2.075"/>
  <system-out/>
  <testcase classname="HomePage.HomePageTestCases" name="CheckTheDefultCurrency" time="2.064"/>
  <system-out/>
  <testcase classname="HomePage.HomePageTestCases" name="CheckTheDefultContactNum" time="2.061"/>
  <system-out/>
  <testcase classname="HomePage.HomePageTestCases" name="CheckQitafLogoIsDisplayed" time="2.041"/>
  <system-out/>
  <testcase classname="HomePage.HomePageTestCases" name="CheckHotelTapIsNotSelected" time="2.060"/>
  <system-out/>
  <testcase classname="HomePage.HomePageTestCases" name="checkDepatureAndReturnDate" time="0.126"/>
  <system-out/>
</testsuite> <!-- HomePage.HomePageTestCases -->
